<?xml version="1.0" encoding="UTF-8"?>
<!-- Generated by org.testng.reporters.JUnitReportReporter -->
<testsuite hostname="DESKTOP-CJD0JJO" failures="0" tests="1" name="VtigerProject.LeadData" time="55.709" errors="0" timestamp="3 Apr 2019 17:02:50 GMT">
  <testcase classname="VtigerProject.LeadData" name="createLead" time="55.709"/>
</testsuite> <!-- VtigerProject.LeadData -->
