<?xml version="1.0" encoding="UTF-8"?>
<!-- Generated by org.testng.reporters.JUnitReportReporter -->
<testsuite hostname="DESKTOP-CJD0JJO" failures="0" tests="1" name="VtigerProject.LoginToApp" time="36.469" errors="0" timestamp="1 Apr 2019 10:27:34 GMT">
  <testcase classname="VtigerProject.LoginToApp" name="login" time="36.469"/>
</testsuite> <!-- VtigerProject.LoginToApp -->
